prebuild-install WARN install No prebuilt binaries found (target=12.14.1 runtime=node arch=x64 platform=win32)
gyp ERR! find Python 
gyp ERR! find Python Python is not set from command line or npm configuration
gyp ERR! find Python Python is not set from environment variable PYTHON
gyp ERR! find Python checking if "python" can be used
gyp ERR! find Python - "python" is not in PATH or produced an error
gyp ERR! find Python checking if "python2" can be used
gyp ERR! find Python - "python2" is not in PATH or produced an error
gyp ERR! find Python checking if "python3" can be used
gyp ERR! find Python - "python3" is not in PATH or produced an error
gyp ERR! find Python checking if the py launcher can be used to find Python 2
gyp ERR! find Python - "py.exe" is not in PATH or produced an error
gyp ERR! find Python checking if Python is C:\Python27\python.exe
gyp ERR! find Python - "C:\Python27\python.exe" could not be run
gyp ERR! find Python checking if Python is C:\Python37\python.exe
gyp ERR! find Python - "C:\Python37\python.exe" could not be run
gyp ERR! find Python 
gyp ERR! find Python **********************************************************
gyp ERR! find Python You need to install the latest version of Python.
gyp ERR! find Python Node-gyp should be able to find and use Python. If not,
gyp ERR! find Python you can try one of the following options:
gyp ERR! find Python - Use the switch --python="C:\Path\To\python.exe"
gyp ERR! find Python   (accepted by both node-gyp and npm)
gyp ERR! find Python - Set the environment variable PYTHON
gyp ERR! find Python - Set the npm configuration variable python:
gyp ERR! find Python   npm config set python "C:\Path\To\python.exe"
gyp ERR! find Python For more information consult the documentation at:
gyp ERR! find Python https://github.com/nodejs/node-gyp#installation
gyp ERR! find Python **********************************************************
gyp ERR! find Python 
gyp ERR! configure error 
gyp ERR! stack Error: Could not find any Python installation to use
gyp ERR! stack     at PythonFinder.fail (C:\Program Files\Cycling '74\Max 8\resources\packages\Node For Max\source\bin\npm\node_modules\node-gyp\lib\find-python.js:307:47)
gyp ERR! stack     at PythonFinder.runChecks (C:\Program Files\Cycling '74\Max 8\resources\packages\Node For Max\source\bin\npm\node_modules\node-gyp\lib\find-python.js:136:21)
gyp ERR! stack     at PythonFinder.<anonymous> (C:\Program Files\Cycling '74\Max 8\resources\packages\Node For Max\source\bin\npm\node_modules\node-gyp\lib\find-python.js:225:16)
gyp ERR! stack     at PythonFinder.execFileCallback (C:\Program Files\Cycling '74\Max 8\resources\packages\Node For Max\source\bin\npm\node_modules\node-gyp\lib\find-python.js:271:16)
gyp ERR! stack     at exithandler (child_process.js:302:5)
gyp ERR! stack     at ChildProcess.errorhandler (child_process.js:314:5)
gyp ERR! stack     at ChildProcess.emit (events.js:223:5)
gyp ERR! stack     at Process.ChildProcess._handle.onexit (internal/child_process.js:270:12)
gyp ERR! stack     at onErrorNT (internal/child_process.js:456:16)
gyp ERR! stack     at processTicksAndRejections (internal/process/task_queues.js:81:21)
gyp ERR! System Windows_NT 10.0.19044
gyp ERR! command "C:\\Program Files\\Cycling '74\\Max 8\\resources\\packages\\Node For Max\\source\\bin\\pc_x64\\node\\node.exe" "C:\\Program Files\\Cycling '74\\Max 8\\resources\\packages\\Node For Max\\source\\bin\\npm\\node_modules\\node-gyp\\bin\\node-gyp.js" "rebuild"
gyp ERR! cwd C:\Users\2037404\Documents\osc-websocket-example-master\osc-websocket-example-master\max\node_modules\serialport
gyp ERR! node -v v12.14.1
gyp ERR! node-gyp -v v5.0.5
gyp ERR! not ok 
npm WARN max-osc-websocket@ No repository field.

npm ERR! code ELIFECYCLE
npm ERR! errno 1
npm ERR! serialport@6.2.2 install: `prebuild-install || node-gyp rebuild`
npm ERR! Exit status 1
npm ERR! 
npm ERR! Failed at the serialport@6.2.2 install script.
npm ERR! This is probably not a problem with npm. There is likely additional logging output above.

npm ERR! A complete log of this run can be found in:
npm ERR!     C:\Users\2037404\AppData\Roaming\npm-cache\_logs\2023-02-07T19_06_46_903Z-debug.log
